  browser.cpp
browser.cpp(445): warning C4477: 'printf' : 서식 문자열 '%s'에 'char *' 형식의 인수가 필요하지만 variadic 인수 1의 형식이 'const WCHAR *'입니다.
  browser.cpp(445): note: 서식 문자열에서 '%ls'을(를) 사용하는 것이 좋습니다.
  browser.cpp(445): note: 서식 문자열에서 '%lls'을(를) 사용하는 것이 좋습니다.
  browser.cpp(445): note: 서식 문자열에서 '%Ls'을(를) 사용하는 것이 좋습니다.
  browser.cpp(445): note: 서식 문자열에서 '%ws'을(를) 사용하는 것이 좋습니다.
browser.cpp(448): warning C4477: 'printf' : 서식 문자열 '%s'에 'char *' 형식의 인수가 필요하지만 variadic 인수 1의 형식이 'const WCHAR *'입니다.
  browser.cpp(448): note: 서식 문자열에서 '%ls'을(를) 사용하는 것이 좋습니다.
  browser.cpp(448): note: 서식 문자열에서 '%lls'을(를) 사용하는 것이 좋습니다.
  browser.cpp(448): note: 서식 문자열에서 '%Ls'을(를) 사용하는 것이 좋습니다.
  browser.cpp(448): note: 서식 문자열에서 '%ws'을(를) 사용하는 것이 좋습니다.
browser.cpp(788): warning C4018: '<=': signed 또는 unsigned가 일치하지 않습니다.
browser.cpp(979): warning C4018: '<': signed 또는 unsigned가 일치하지 않습니다.
  web.cpp
web.cpp(154): warning C4018: '<': signed 또는 unsigned가 일치하지 않습니다.
web.cpp(267): warning C4018: '<': signed 또는 unsigned가 일치하지 않습니다.
web.cpp(315): warning C4018: '<': signed 또는 unsigned가 일치하지 않습니다.
  코드를 생성하고 있습니다.
  All 782 functions were compiled because no usable IPDB/IOBJ from previous compilation was found.
  코드를 생성했습니다.
  web.vcxproj -> C:\Users\issuemine\Desktop\ibk wevb\web5\web3\Release\web.exe
